TN:
SF:src/App.vue
FN:1,(anonymous_0)
FNF:1
FNH:0
FNDA:0,(anonymous_0)
DA:1,0
LF:1
LH:0
BRDA:1,0,0,0
BRDA:1,0,1,0
BRF:2
BRH:0
end_of_record
TN:
SF:src/i18n copy.ts
FN:6,loadLocaleMessages
FN:13,(anonymous_2)
FNF:2
FNH:0
FNDA:0,loadLocaleMessages
FNDA:0,(anonymous_2)
DA:1,0
DA:2,0
DA:4,0
DA:7,0
DA:12,0
DA:13,0
DA:14,0
DA:15,0
DA:16,0
DA:17,0
DA:20,0
DA:23,0
DA:41,0
LF:13
LH:0
BRDA:15,0,0,0
BRDA:15,1,0,0
BRDA:15,1,1,0
BRF:3
BRH:0
end_of_record
TN:
SF:src/i18n.ts
FN:24,loadLocaleMessages
FN:31,(anonymous_2)
FNF:2
FNH:0
FNDA:0,loadLocaleMessages
FNDA:0,(anonymous_2)
DA:1,0
DA:2,0
DA:4,0
DA:6,0
DA:25,0
DA:30,0
DA:31,0
DA:32,0
DA:33,0
DA:34,0
DA:35,0
DA:38,0
DA:41,0
LF:13
LH:0
BRDA:33,0,0,0
BRDA:33,1,0,0
BRDA:33,1,1,0
BRF:3
BRH:0
end_of_record
TN:
SF:src/main.ts
FN:18,(anonymous_1)
FNF:1
FNH:0
FNDA:0,(anonymous_1)
DA:1,0
DA:2,0
DA:3,0
DA:4,0
DA:5,0
DA:6,0
DA:7,0
DA:8,0
DA:10,0
DA:12,0
DA:14,0
DA:18,0
LF:12
LH:0
BRF:0
BRH:0
end_of_record
TN:
SF:src/components/ArticleView.vue
FN:24,(anonymous_3)
FNF:1
FNH:0
FNDA:0,(anonymous_3)
DA:2,1
DA:6,2
DA:7,1
DA:8,1
DA:9,1
DA:24,3
LF:6
LH:6
BRDA:24,0,0,0
BRDA:24,0,1,0
BRF:2
BRH:0
end_of_record
TN:
SF:src/layout/FooterComponent.vue
FN:8,(anonymous_1)
FNF:1
FNH:0
FNDA:0,(anonymous_1)
DA:2,0
DA:5,0
DA:8,0
LF:3
LH:0
BRF:0
BRH:0
end_of_record
TN:
SF:src/layout/HeaderComponent.vue
FN:25,(anonymous_4)
FNF:1
FNH:0
FNDA:0,(anonymous_4)
DA:2,0
DA:5,0
DA:25,0
LF:3
LH:0
BRDA:25,0,0,0
BRDA:25,0,1,0
BRF:2
BRH:0
end_of_record
TN:
SF:src/layout/default.vue
FN:1,(anonymous_0)
FNF:1
FNH:0
FNDA:0,(anonymous_0)
DA:1,0
LF:1
LH:0
BRF:0
BRH:0
end_of_record
TN:
SF:src/locales/dateTimeFormats.js
FNF:0
FNH:0
DA:1,0
LF:1
LH:0
BRF:0
BRH:0
end_of_record
TN:
SF:src/plugins/element.js
FNF:0
FNH:0
DA:5,0
LF:1
LH:0
BRF:0
BRH:0
end_of_record
TN:
SF:src/router/index.ts
FN:54,(anonymous_1)
FN:60,(anonymous_2)
FNF:2
FNH:0
FNDA:0,(anonymous_1)
FNDA:0,(anonymous_2)
DA:1,0
DA:2,0
DA:3,0
DA:4,0
DA:5,0
DA:6,0
DA:7,0
DA:8,0
DA:10,0
DA:12,0
DA:49,0
DA:54,0
DA:55,0
DA:56,0
DA:57,0
DA:60,0
DA:61,0
DA:64,0
DA:65,0
DA:67,0
DA:70,0
DA:74,0
LF:22
LH:0
BRDA:56,0,0,0
BRDA:60,1,0,0
BRDA:60,1,1,0
BRDA:62,2,0,0
BRDA:62,2,1,0
BRDA:64,3,0,0
BRDA:64,3,1,0
BRDA:64,4,0,0
BRDA:64,4,1,0
BRF:9
BRH:0
end_of_record
TN:
SF:src/store/index.ts
FNF:0
FNH:0
DA:1,0
DA:2,0
DA:3,0
DA:5,0
DA:7,0
LF:5
LH:0
BRF:0
BRH:0
end_of_record
TN:
SF:src/store/modules/articles.ts
FN:37,(anonymous_1)
FN:43,(anonymous_2)
FN:43,(anonymous_3)
FN:44,(anonymous_4)
FN:49,(anonymous_5)
FNF:5
FNH:0
FNDA:0,(anonymous_1)
FNDA:0,(anonymous_2)
FNDA:0,(anonymous_3)
FNDA:0,(anonymous_4)
FNDA:0,(anonymous_5)
DA:1,0
DA:3,0
DA:36,0
DA:38,0
DA:42,0
DA:43,0
DA:44,0
DA:48,0
DA:50,0
DA:53,0
DA:57,0
LF:11
LH:0
BRF:0
BRH:0
end_of_record
TN:
SF:src/views/AboutView.vue
FN:1,(anonymous_0)
FNF:1
FNH:0
FNDA:0,(anonymous_0)
DA:1,0
LF:1
LH:0
BRF:0
BRH:0
end_of_record
TN:
SF:src/views/ArticlePage.vue
FN:1,(anonymous_4)
FNF:1
FNH:0
FNDA:0,(anonymous_4)
DA:1,0
DA:31,0
DA:32,0
DA:34,0
DA:37,0
DA:38,0
DA:39,0
DA:40,0
LF:8
LH:0
BRF:0
BRH:0
end_of_record
TN:
SF:src/views/Home.vue
FN:1,(anonymous_3)
FNF:1
FNH:1
FNDA:4,(anonymous_3)
DA:1,15
DA:30,1
DA:31,1
DA:32,1
DA:34,1
DA:42,1
DA:43,1
LF:7
LH:7
BRDA:1,0,0,3
BRDA:1,0,1,5
BRF:2
BRH:2
end_of_record
TN:
SF:src/views/InfoView.vue
FN:1,(anonymous_0)
FNF:1
FNH:0
FNDA:0,(anonymous_0)
DA:1,0
LF:1
LH:0
BRF:0
BRH:0
end_of_record
TN:
SF:src/views/LoginPage copy.vue
FN:76,(anonymous_8)
FNF:1
FNH:0
FNDA:0,(anonymous_8)
DA:2,0
DA:3,0
DA:6,0
DA:76,0
LF:4
LH:0
BRF:0
BRH:0
end_of_record
TN:
SF:src/views/LoginPage.vue
FN:76,(anonymous_8)
FNF:1
FNH:0
FNDA:0,(anonymous_8)
DA:2,0
DA:3,0
DA:6,0
DA:76,0
LF:4
LH:0
BRF:0
BRH:0
end_of_record
TN:
SF:src/views/PageNotFound.vue
FN:1,(anonymous_0)
FNF:1
FNH:0
FNDA:0,(anonymous_0)
DA:1,0
LF:1
LH:0
BRF:0
BRH:0
end_of_record
